d:\『m2-1』\『m2-1- réalité augmentée et recalage 3d』\labs\tp_icp\ann\ms_win32\dll\debug\vc141.pdb
d:\『m2-1』\『m2-1- réalité augmentée et recalage 3d』\labs\tp_icp\ann\ms_win32\dll\debug\vc141.idb
d:\『m2-1』\『m2-1- réalité augmentée et recalage 3d』\labs\tp_icp\ann\ms_win32\dll\debug\perf.obj
d:\『m2-1』\『m2-1- réalité augmentée et recalage 3d』\labs\tp_icp\ann\ms_win32\dll\debug\kd_util.obj
d:\『m2-1』\『m2-1- réalité augmentée et recalage 3d』\labs\tp_icp\ann\ms_win32\dll\debug\kd_tree.obj
d:\『m2-1』\『m2-1- réalité augmentée et recalage 3d』\labs\tp_icp\ann\ms_win32\dll\debug\kd_split.obj
d:\『m2-1』\『m2-1- réalité augmentée et recalage 3d』\labs\tp_icp\ann\ms_win32\dll\debug\kd_search.obj
d:\『m2-1』\『m2-1- réalité augmentée et recalage 3d』\labs\tp_icp\ann\ms_win32\dll\debug\kd_pr_search.obj
d:\『m2-1』\『m2-1- réalité augmentée et recalage 3d』\labs\tp_icp\ann\ms_win32\dll\debug\brute.obj
d:\『m2-1』\『m2-1- réalité augmentée et recalage 3d』\labs\tp_icp\ann\ms_win32\dll\debug\bd_tree.obj
d:\『m2-1』\『m2-1- réalité augmentée et recalage 3d』\labs\tp_icp\ann\ms_win32\dll\debug\bd_search.obj
d:\『m2-1』\『m2-1- réalité augmentée et recalage 3d』\labs\tp_icp\ann\ms_win32\dll\debug\bd_pr_search.obj
d:\『m2-1』\『m2-1- réalité augmentée et recalage 3d』\labs\tp_icp\ann\ms_win32\dll\debug\ann.obj
d:\『m2-1』\『m2-1- réalité augmentée et recalage 3d』\labs\tp_icp\ann\ms_win32\dll\debug\kd_fix_rad_search.obj
d:\『m2-1』\『m2-1- réalité augmentée et recalage 3d』\labs\tp_icp\ann\ms_win32\dll\debug\kd_dump.obj
d:\『m2-1』\『m2-1- réalité augmentée et recalage 3d』\labs\tp_icp\ann\ms_win32\dll\debug\bd_fix_rad_search.obj
d:\『m2-1』\『m2-1- réalité augmentée et recalage 3d』\labs\tp_icp\ann\ms_win32\dll\debug\ann.lib
d:\『m2-1』\『m2-1- réalité augmentée et recalage 3d』\labs\tp_icp\ann\ms_win32\dll\debug\ann.exp
d:\『m2-1』\『m2-1- réalité augmentée et recalage 3d』\labs\tp_icp\ann\ms_win32\bin\ann.ilk
d:\『m2-1』\『m2-1- réalité augmentée et recalage 3d』\labs\tp_icp\ann\ms_win32\bin\ann.dll
d:\『m2-1』\『m2-1- réalité augmentée et recalage 3d』\labs\tp_icp\ann\ms_win32\dll\debug\ann.pdb
d:\『m2-1』\『m2-1- réalité augmentée et recalage 3d』\labs\tp_icp\ann\ms_win32\dll\debug\dll.tlog\cl.command.1.tlog
d:\『m2-1』\『m2-1- réalité augmentée et recalage 3d』\labs\tp_icp\ann\ms_win32\dll\debug\dll.tlog\cl.read.1.tlog
d:\『m2-1』\『m2-1- réalité augmentée et recalage 3d』\labs\tp_icp\ann\ms_win32\dll\debug\dll.tlog\cl.write.1.tlog
d:\『m2-1』\『m2-1- réalité augmentée et recalage 3d』\labs\tp_icp\ann\ms_win32\dll\debug\dll.tlog\dll.write.1u.tlog
d:\『m2-1』\『m2-1- réalité augmentée et recalage 3d』\labs\tp_icp\ann\ms_win32\dll\debug\dll.tlog\link.command.1.tlog
d:\『m2-1』\『m2-1- réalité augmentée et recalage 3d』\labs\tp_icp\ann\ms_win32\dll\debug\dll.tlog\link.read.1.tlog
d:\『m2-1』\『m2-1- réalité augmentée et recalage 3d』\labs\tp_icp\ann\ms_win32\dll\debug\dll.tlog\link.write.1.tlog
