d:\『m2-1』\『m2-1- réalité augmentée et recalage 3d』\labs\tp_icp\ann\ms_win32\dll\release\vc141.pdb
d:\『m2-1』\『m2-1- réalité augmentée et recalage 3d』\labs\tp_icp\ann\ms_win32\dll\release\perf.obj
d:\『m2-1』\『m2-1- réalité augmentée et recalage 3d』\labs\tp_icp\ann\ms_win32\dll\release\kd_util.obj
d:\『m2-1』\『m2-1- réalité augmentée et recalage 3d』\labs\tp_icp\ann\ms_win32\dll\release\kd_tree.obj
d:\『m2-1』\『m2-1- réalité augmentée et recalage 3d』\labs\tp_icp\ann\ms_win32\dll\release\kd_split.obj
d:\『m2-1』\『m2-1- réalité augmentée et recalage 3d』\labs\tp_icp\ann\ms_win32\dll\release\kd_search.obj
d:\『m2-1』\『m2-1- réalité augmentée et recalage 3d』\labs\tp_icp\ann\ms_win32\dll\release\kd_pr_search.obj
d:\『m2-1』\『m2-1- réalité augmentée et recalage 3d』\labs\tp_icp\ann\ms_win32\dll\release\brute.obj
d:\『m2-1』\『m2-1- réalité augmentée et recalage 3d』\labs\tp_icp\ann\ms_win32\dll\release\bd_tree.obj
d:\『m2-1』\『m2-1- réalité augmentée et recalage 3d』\labs\tp_icp\ann\ms_win32\dll\release\bd_search.obj
d:\『m2-1』\『m2-1- réalité augmentée et recalage 3d』\labs\tp_icp\ann\ms_win32\dll\release\bd_pr_search.obj
d:\『m2-1』\『m2-1- réalité augmentée et recalage 3d』\labs\tp_icp\ann\ms_win32\dll\release\ann.obj
d:\『m2-1』\『m2-1- réalité augmentée et recalage 3d』\labs\tp_icp\ann\ms_win32\dll\release\kd_fix_rad_search.obj
d:\『m2-1』\『m2-1- réalité augmentée et recalage 3d』\labs\tp_icp\ann\ms_win32\dll\release\kd_dump.obj
d:\『m2-1』\『m2-1- réalité augmentée et recalage 3d』\labs\tp_icp\ann\ms_win32\dll\release\bd_fix_rad_search.obj
d:\『m2-1』\『m2-1- réalité augmentée et recalage 3d』\labs\tp_icp\ann\ms_win32\dll\release\ann.lib
d:\『m2-1』\『m2-1- réalité augmentée et recalage 3d』\labs\tp_icp\ann\ms_win32\dll\release\ann.exp
d:\『m2-1』\『m2-1- réalité augmentée et recalage 3d』\labs\tp_icp\ann\ms_win32\bin\ann.dll
d:\『m2-1』\『m2-1- réalité augmentée et recalage 3d』\labs\tp_icp\ann\ms_win32\dll\release\ann.pdb
d:\『m2-1』\『m2-1- réalité augmentée et recalage 3d』\labs\tp_icp\ann\ms_win32\dll\release\dll.tlog\cl.command.1.tlog
d:\『m2-1』\『m2-1- réalité augmentée et recalage 3d』\labs\tp_icp\ann\ms_win32\dll\release\dll.tlog\cl.read.1.tlog
d:\『m2-1』\『m2-1- réalité augmentée et recalage 3d』\labs\tp_icp\ann\ms_win32\dll\release\dll.tlog\cl.write.1.tlog
d:\『m2-1』\『m2-1- réalité augmentée et recalage 3d』\labs\tp_icp\ann\ms_win32\dll\release\dll.tlog\dll.write.1u.tlog
d:\『m2-1』\『m2-1- réalité augmentée et recalage 3d』\labs\tp_icp\ann\ms_win32\dll\release\dll.tlog\link.command.1.tlog
d:\『m2-1』\『m2-1- réalité augmentée et recalage 3d』\labs\tp_icp\ann\ms_win32\dll\release\dll.tlog\link.delete.1.tlog
d:\『m2-1』\『m2-1- réalité augmentée et recalage 3d』\labs\tp_icp\ann\ms_win32\dll\release\dll.tlog\link.read.1.tlog
d:\『m2-1』\『m2-1- réalité augmentée et recalage 3d』\labs\tp_icp\ann\ms_win32\dll\release\dll.tlog\link.write.1.tlog
